f:\huangjiahui\mycode\mygithub\c++_code\computer_book_system\computer_book_system\build\computerroom_odering_system.dir\debug\vc143.pdb
f:\huangjiahui\mycode\mygithub\c++_code\computer_book_system\computer_book_system\build\computerroom_odering_system.dir\debug\menumgr.obj
f:\huangjiahui\mycode\mygithub\c++_code\computer_book_system\computer_book_system\build\computerroom_odering_system.dir\debug\main.obj
f:\huangjiahui\mycode\mygithub\c++_code\computer_book_system\computer_book_system\build\computerroom_odering_system.dir\debug\loginmanager.obj
f:\huangjiahui\mycode\mygithub\c++_code\computer_book_system\computer_book_system\build\computerroom_odering_system.dir\debug\teacher.obj
f:\huangjiahui\mycode\mygithub\c++_code\computer_book_system\computer_book_system\build\computerroom_odering_system.dir\debug\student.obj
f:\huangjiahui\mycode\mygithub\c++_code\computer_book_system\computer_book_system\build\computerroom_odering_system.dir\debug\manager.obj
f:\huangjiahui\mycode\mygithub\c++_code\computer_book_system\computer_book_system\build\computerroom_odering_system.dir\debug\computerroom.obj
f:\huangjiahui\mycode\mygithub\c++_code\computer_book_system\computer_book_system\build\cmakefiles\generate.stamp
f:\huangjiahui\mycode\mygithub\c++_code\computer_book_system\computer_book_system\bin\debug\computerroom_odering_system.exe
f:\huangjiahui\mycode\mygithub\c++_code\computer_book_system\computer_book_system\bin\debug\computerroom_odering_system.pdb
f:\huangjiahui\mycode\mygithub\c++_code\computer_book_system\computer_book_system\build\computerroom_odering_system.dir\debug\computerroom_odering_system.ilk
f:\huangjiahui\mycode\mygithub\c++_code\computer_book_system\computer_book_system\build\computerroom_odering_system.dir\debug\computer.11ba0ac0.tlog\cl.command.1.tlog
f:\huangjiahui\mycode\mygithub\c++_code\computer_book_system\computer_book_system\build\computerroom_odering_system.dir\debug\computer.11ba0ac0.tlog\cl.items.tlog
f:\huangjiahui\mycode\mygithub\c++_code\computer_book_system\computer_book_system\build\computerroom_odering_system.dir\debug\computer.11ba0ac0.tlog\cl.read.1.tlog
f:\huangjiahui\mycode\mygithub\c++_code\computer_book_system\computer_book_system\build\computerroom_odering_system.dir\debug\computer.11ba0ac0.tlog\cl.write.1.tlog
f:\huangjiahui\mycode\mygithub\c++_code\computer_book_system\computer_book_system\build\computerroom_odering_system.dir\debug\computer.11ba0ac0.tlog\custombuild.command.1.tlog
f:\huangjiahui\mycode\mygithub\c++_code\computer_book_system\computer_book_system\build\computerroom_odering_system.dir\debug\computer.11ba0ac0.tlog\custombuild.read.1.tlog
f:\huangjiahui\mycode\mygithub\c++_code\computer_book_system\computer_book_system\build\computerroom_odering_system.dir\debug\computer.11ba0ac0.tlog\custombuild.write.1.tlog
f:\huangjiahui\mycode\mygithub\c++_code\computer_book_system\computer_book_system\build\computerroom_odering_system.dir\debug\computer.11ba0ac0.tlog\link.command.1.tlog
f:\huangjiahui\mycode\mygithub\c++_code\computer_book_system\computer_book_system\build\computerroom_odering_system.dir\debug\computer.11ba0ac0.tlog\link.read.1.tlog
f:\huangjiahui\mycode\mygithub\c++_code\computer_book_system\computer_book_system\build\computerroom_odering_system.dir\debug\computer.11ba0ac0.tlog\link.secondary.1.tlog
f:\huangjiahui\mycode\mygithub\c++_code\computer_book_system\computer_book_system\build\computerroom_odering_system.dir\debug\computer.11ba0ac0.tlog\link.write.1.tlog
